2022-09-13 22:46:07 INFO  main [mainwindow.cpp:80] Mitsuba version 0.5.0 (Windows, 64 bit), Copyright (c) 2014 Wenzel Jakob
2022-09-13 22:46:07 INFO  main [mainwindow.cpp:83] Configured for RGB-based rendering
2022-09-13 22:46:07 DEBUG main [WGLSession] Initializing WGL session
2022-09-13 22:46:07 DEBUG main [WGLRenderer] Using an existing WGL context
2022-09-13 22:46:07 DEBUG main [GLRenderer] OpenGL renderer : NVIDIA GeForce GTX 1070/PCIe/SSE2
2022-09-13 22:46:07 DEBUG main [GLRenderer] OpenGL vendor   : NVIDIA Corporation
2022-09-13 22:46:07 DEBUG main [GLRenderer] OpenGL version  : 4.6.0 NVIDIA 511.79
2022-09-13 22:46:07 DEBUG main [GLRenderer] Capabilities: Framebuffers objects are supported.
2022-09-13 22:46:07 DEBUG main [GLRenderer] Capabilities: GLSL is supported.
2022-09-13 22:46:07 DEBUG main [GLRenderer] Capabilities: Floating point textures are supported.
2022-09-13 22:46:07 DEBUG main [GLRenderer] Capabilities: Floating point color buffers are supported.
2022-09-13 22:46:07 DEBUG main [GLRenderer] Capabilities: Fast buffer blitting is supported.
2022-09-13 22:46:07 DEBUG main [GLRenderer] Capabilities: Multisample framebuffer objects are supported.
2022-09-13 22:46:07 DEBUG main [GLRenderer] Capabilities: Vertex buffer objects are supported.
2022-09-13 22:46:07 DEBUG main [GLRenderer] Capabilities: Geometry shaders are supported.
2022-09-13 22:46:07 DEBUG main [GLRenderer] Capabilities: Custom texture filtering is supported.
2022-09-13 22:46:07 DEBUG main [GLRenderer] Capabilities: Synchronization objects are supported.
2022-09-13 22:46:07 DEBUG main [GLRenderer] Capabilities: Bindless rendering is supported.
2022-09-13 22:46:07 DEBUG main [Thread] Spawning thread "prvw"
2022-09-13 22:46:07 DEBUG prvw [WGLDevice] Initializing WGL device
2022-09-13 22:46:07 DEBUG prvw [WGLRenderer] Initializing WGL renderer
2022-09-13 22:46:07 DEBUG prvw [GLProgram] Uploading a GPU program : GPUProgram[name = 'Accumulation program']
2022-09-13 22:46:07 DEBUG prvw [GLProgram] Uploading a GPU program : GPUProgram[name = 'Directional shadow map generator']
2022-09-13 22:46:07 DEBUG prvw [GLProgram] Uploading a GPU program : GPUProgram[name = 'Paraboloid shadow map generator', maxVertices=4]
2022-09-13 22:46:07 DEBUG prvw [GLProgram] Uploading a GPU program : GPUProgram[name = 'Cube/Hemicube shadow map generator (5/6 pass version)']
2022-09-13 22:46:07 DEBUG prvw [GLProgram] Uploading a GPU program : GPUProgram[name = 'Cube shadow map generator (1 pass version)', maxVertices=18]
2022-09-13 22:46:07 DEBUG prvw [GLProgram] Uploading a GPU program : GPUProgram[name = 'Hemicube shadow map generator (1 pass version)', maxVertices=15]
2022-09-13 22:46:07 DEBUG main [GLProgram] Uploading a GPU program : GPUProgram[name = 'Tonemapper [Gamma]']
2022-09-13 22:46:07 DEBUG main [GLProgram] Uploading a GPU program : GPUProgram[name = 'Tonemapper [Reinhard et al. 2002]']
2022-09-13 22:46:07 DEBUG main [GLProgram] Uploading a GPU program : GPUProgram[name = 'Downsampling program']
2022-09-13 22:46:07 DEBUG main [GLProgram] Uploading a GPU program : GPUProgram[name = 'Log-luminance program']
2022-09-13 22:46:07 DEBUG main [Thread] Spawning thread "wrk0"
2022-09-13 22:46:07 DEBUG main [Thread] Spawning thread "wrk1"
2022-09-13 22:46:07 DEBUG main [Thread] Spawning thread "wrk2"
2022-09-13 22:46:07 DEBUG main [Thread] Spawning thread "wrk3"
2022-09-13 22:46:07 DEBUG main [Thread] Spawning thread "wrk4"
2022-09-13 22:46:07 DEBUG main [Thread] Spawning thread "wrk5"
2022-09-13 22:46:07 DEBUG main [Thread] Spawning thread "wrk6"
2022-09-13 22:46:07 DEBUG main [Thread] Spawning thread "wrk7"
2022-09-13 22:46:11 DEBUG main [Thread] Spawning thread "load"
2022-09-13 22:46:11 INFO  load [sceneloader.cpp:101] Parsing scene description from "G:\Demo\FluidEngineDemo\MitsubaScripts\RenderTest.xml" ..
2022-09-13 22:46:11 INFO  load [PluginManager] Loading plugin "plugins\point.dll" ..
2022-09-13 22:46:11 INFO  load [PluginManager] Loading plugin "plugins\sky.dll" ..
2022-09-13 22:46:11 DEBUG load [sunmodel.h:240] Computed sun position for LocationRecord[latitude = 35.6894, longitude = 139.692, timezone = 9] and DateTimeRecord[year = 2010, month= 7, day = 10, hour = 15, minute = 0, second = 0]: SphericalCoordinates[elevation = 43.9205, azimuth = 265.752]
2022-09-13 22:46:11 INFO  load [PluginManager] Loading plugin "plugins\diffuse.dll" ..
2022-09-13 22:46:11 INFO  load [PluginManager] Loading plugin "plugins\cube.dll" ..
2022-09-13 22:46:11 INFO  load [PluginManager] Loading plugin "plugins\sphere.dll" ..
2022-09-13 22:46:11 DEBUG load [SkyEmitter] Rasterizing skylight emitter to an 512x256 environment map ..
2022-09-13 22:46:11 DEBUG load [SkyEmitter] Done (took 7 ms)
2022-09-13 22:46:11 INFO  load [PluginManager] Loading plugin "plugins\envmap.dll" ..
2022-09-13 22:46:11 INFO  load [PluginManager] Loading plugin "plugins\lanczos.dll" ..
2022-09-13 22:46:11 DEBUG load [MIPMap] Created 1.0 MiB of MIP maps in 9 ms
2022-09-13 22:46:11 INFO  load [EnvironmentMap] Precomputing data structures for environment map sampling (515.0 KiB)
2022-09-13 22:46:11 INFO  load [EnvironmentMap] Done (took 0 ms)
2022-09-13 22:46:11 INFO  load [PluginManager] Loading plugin "plugins\direct.dll" ..
2022-09-13 22:46:11 INFO  load [Scene] No sensors found! Adding a perspective camera..
2022-09-13 22:46:11 INFO  load [PluginManager] Loading plugin "plugins\perspective.dll" ..
2022-09-13 22:46:11 INFO  load [PluginManager] Loading plugin "plugins\hdrfilm.dll" ..
2022-09-13 22:46:11 INFO  load [PluginManager] Loading plugin "plugins\gaussian.dll" ..
2022-09-13 22:46:11 INFO  load [PluginManager] Loading plugin "plugins\independent.dll" ..
2022-09-13 22:46:11 INFO  load [KDTreeBase] Constructing a SAH kd-tree (13 primitives) ..
2022-09-13 22:46:11 DEBUG load [KDTreeBase] Creating a preliminary index list (52 B)
2022-09-13 22:46:11 DEBUG load [KDTreeBase] Computed scene bounds in 0 ms
2022-09-13 22:46:11 DEBUG load [KDTreeBase] 
2022-09-13 22:46:11 DEBUG load [KDTreeBase] kd-tree configuration:
2022-09-13 22:46:11 DEBUG load [KDTreeBase]    Traversal cost           : 15.00
2022-09-13 22:46:11 DEBUG load [KDTreeBase]    Query cost               : 20.00
2022-09-13 22:46:11 DEBUG load [KDTreeBase]    Empty space bonus        : 0.90
2022-09-13 22:46:11 DEBUG load [KDTreeBase]    Max. tree depth          : 11
2022-09-13 22:46:11 DEBUG load [KDTreeBase]    Scene bounding box (min) : [-2.56569, -4.2, 2.8]
2022-09-13 22:46:11 DEBUG load [KDTreeBase]    Scene bounding box (max) : [4, -0.2, 6.8]
2022-09-13 22:46:11 DEBUG load [KDTreeBase]    Min-max bins             : 128
2022-09-13 22:46:11 DEBUG load [KDTreeBase]    O(n log n) method        : use for <= 65536 primitives
2022-09-13 22:46:11 DEBUG load [KDTreeBase]    Perfect splits           : yes
2022-09-13 22:46:11 DEBUG load [KDTreeBase]    Retract bad splits       : yes
2022-09-13 22:46:11 DEBUG load [KDTreeBase]    Stopping primitive count : 6
2022-09-13 22:46:11 DEBUG load [KDTreeBase]    Build tree in parallel   : no
2022-09-13 22:46:11 DEBUG load [KDTreeBase] 
2022-09-13 22:46:11 INFO  load [KDTreeBase] Finished -- took 0 ms.
2022-09-13 22:46:11 DEBUG load [KDTreeBase] 
2022-09-13 22:46:11 DEBUG load [KDTreeBase] Temporary memory statistics:
2022-09-13 22:46:11 DEBUG load [KDTreeBase]    Classification storage : 36 B
2022-09-13 22:46:11 DEBUG load [KDTreeBase]    Indirection entries    : 0 (0 B)
2022-09-13 22:46:11 DEBUG load [KDTreeBase]    Main thread:
2022-09-13 22:46:11 DEBUG load [KDTreeBase]       Left events   : 1 chunks (512.0 KiB)
2022-09-13 22:46:11 DEBUG load [KDTreeBase]       Right events  : 1 chunks (512.0 KiB)
2022-09-13 22:46:11 DEBUG load [KDTreeBase]       kd-tree nodes : 13 entries, 1 blocks (512.0 KiB)
2022-09-13 22:46:11 DEBUG load [KDTreeBase]       Indices       : 13 entries, 1 blocks (512.0 KiB)
2022-09-13 22:46:11 DEBUG load [KDTreeBase]    Total: 2.0 MiB
2022-09-13 22:46:11 DEBUG load [KDTreeBase] 
2022-09-13 22:46:11 DEBUG load [KDTreeBase] Optimizing memory layout ..
2022-09-13 22:46:11 DEBUG load [KDTreeBase] Finished -- took 0 ms.
2022-09-13 22:46:11 DEBUG load [KDTreeBase] 
2022-09-13 22:46:11 DEBUG load [KDTreeBase] Structural kd-tree statistics:
2022-09-13 22:46:11 DEBUG load [KDTreeBase]    Parallel work units         : 0
2022-09-13 22:46:11 DEBUG load [KDTreeBase]    Node storage cost           : 104 B
2022-09-13 22:46:11 DEBUG load [KDTreeBase]    Index storage cost          : 52 B
2022-09-13 22:46:11 DEBUG load [KDTreeBase]    Inner nodes                 : 6
2022-09-13 22:46:11 DEBUG load [KDTreeBase]    Leaf nodes                  : 7
2022-09-13 22:46:11 DEBUG load [KDTreeBase]    Nonempty leaf nodes         : 3
2022-09-13 22:46:11 DEBUG load [KDTreeBase]    Leaf node histogram         : 0(4) 1(1) 2(0) 3(0) 
2022-09-13 22:46:11 DEBUG load [KDTreeBase]                                  4(0) 5(0) 6(2) 7(0) 
2022-09-13 22:46:11 DEBUG load [KDTreeBase]                                  8(0) 9(0) 10(0) 11(0) 
2022-09-13 22:46:11 DEBUG load [KDTreeBase]                                  12(0) 13(0) 14(0) 15(0) 
2022-09-13 22:46:11 DEBUG load [KDTreeBase] 
2022-09-13 22:46:11 DEBUG load [KDTreeBase] Qualitative kd-tree statistics:
2022-09-13 22:46:11 DEBUG load [KDTreeBase]    Retracted splits            : 0
2022-09-13 22:46:11 DEBUG load [KDTreeBase]    Pruned primitives           : 0
2022-09-13 22:46:11 DEBUG load [KDTreeBase]    Largest leaf node           : 6 primitives
2022-09-13 22:46:11 DEBUG load [KDTreeBase]    Avg. prims/nonempty leaf    : 4.33
2022-09-13 22:46:11 DEBUG load [KDTreeBase]    Expected traversals/query   : 1.87
2022-09-13 22:46:11 DEBUG load [KDTreeBase]    Expected leaf visits/query  : 1.41
2022-09-13 22:46:11 DEBUG load [KDTreeBase]    Expected prim. visits/query : 1.22
2022-09-13 22:46:11 DEBUG load [KDTreeBase]    Final cost                  : 52.37
2022-09-13 22:46:11 DEBUG load [KDTreeBase] 
2022-09-13 22:46:11 DEBUG load [ShapeKDTree] Precomputing triangle intersection information (624 B)
2022-09-13 22:46:11 DEBUG load [ShapeKDTree] Finished -- took 0 ms.
2022-09-13 22:46:11 DEBUG load [ShapeKDTree] 
2022-09-13 22:46:11 DEBUG load [Thread] Thread "load" has finished
2022-09-13 22:46:11 DEBUG prvw [GLProgram] Uploading a GPU program : GPUProgram[name = 'Background program']
2022-09-13 22:46:11 INFO  prvw [PluginManager] Loading plugin "plugins\halton.dll" ..
2022-09-13 22:46:11 DEBUG prvw [GLProgram] Uploading a GPU program : GPUProgram[name = 'vpl=EnvironmentMapShader, bsdf=SmoothDiffuseShader[ConstantSpectrumTextureShader], ds']
2022-09-13 22:46:11 DEBUG prvw [GLProgram] Uploading a GPU program : GPUProgram[name = 'vpl=PointEmitterShader, bsdf=SmoothDiffuseShader[ConstantSpectrumTextureShader], ds']
2022-09-13 22:46:13 DEBUG main [GLProgram] Freeing GPU program "vpl=EnvironmentMapShader, bsdf=SmoothDiffuseShader[ConstantSpectrumTextureShader], ds"
2022-09-13 22:46:13 DEBUG main [GLProgram] Freeing GPU program "vpl=PointEmitterShader, bsdf=SmoothDiffuseShader[ConstantSpectrumTextureShader], ds"
2022-09-13 22:46:13 DEBUG main [GLProgram] Freeing GPU program "Background program"
2022-09-13 22:46:13 DEBUG prvw [GLProgram] Freeing GPU program "Directional shadow map generator"
2022-09-13 22:46:13 DEBUG prvw [GLProgram] Freeing GPU program "Paraboloid shadow map generator"
2022-09-13 22:46:13 DEBUG prvw [GLProgram] Freeing GPU program "Cube/Hemicube shadow map generator (5/6 pass version)"
2022-09-13 22:46:13 DEBUG prvw [GLProgram] Freeing GPU program "Cube shadow map generator (1 pass version)"
2022-09-13 22:46:13 DEBUG prvw [GLProgram] Freeing GPU program "Hemicube shadow map generator (1 pass version)"
2022-09-13 22:46:13 DEBUG prvw [GLProgram] Freeing GPU program "Accumulation program"
2022-09-13 22:46:13 DEBUG prvw [WGLRenderer] Shutting down WGL Renderer
2022-09-13 22:46:13 DEBUG prvw [WGLDevice] Shutting down WGL device
2022-09-13 22:46:13 DEBUG prvw [Thread] Thread "prvw" has finished
2022-09-13 22:46:13 DEBUG wrk6 [Thread] Thread "wrk6" has finished
2022-09-13 22:46:13 DEBUG wrk2 [Thread] Thread "wrk2" has finished
2022-09-13 22:46:13 DEBUG wrk1 [Thread] Thread "wrk1" has finished
2022-09-13 22:46:13 DEBUG wrk7 [Thread] Thread "wrk7" has finished
2022-09-13 22:46:13 DEBUG wrk4 [Thread] Thread "wrk4" has finished
2022-09-13 22:46:13 DEBUG wrk0 [Thread] Thread "wrk0" has finished
2022-09-13 22:46:13 DEBUG wrk3 [Thread] Thread "wrk3" has finished
2022-09-13 22:46:13 DEBUG wrk5 [Thread] Thread "wrk5" has finished
2022-09-13 22:46:13 DEBUG main [GLProgram] Freeing GPU program "Log-luminance program"
2022-09-13 22:46:13 DEBUG main [GLProgram] Freeing GPU program "Downsampling program"
2022-09-13 22:46:13 DEBUG main [GLProgram] Freeing GPU program "Tonemapper [Reinhard et al. 2002]"
2022-09-13 22:46:13 DEBUG main [GLProgram] Freeing GPU program "Tonemapper [Gamma]"
2022-09-13 22:46:13 DEBUG main [WGLSession] Shutting down WGL session
2022-09-13 22:46:13 INFO  main [statistics.cpp:142] Statistics:
------------------------------------------------------------
 * Loaded plugins :
    -  plugins\cube.dll [Cube intersection primitive]
    -  plugins\diffuse.dll [Smooth diffuse BRDF]
    -  plugins\direct.dll [Direct illumination integrator]
    -  plugins\envmap.dll [Environment map]
    -  plugins\gaussian.dll [Gaussian reconstruction filter]
    -  plugins\halton.dll [Halton QMC sampler]
    -  plugins\hdrfilm.dll [High dynamic range film]
    -  plugins\independent.dll [Independent sampler]
    -  plugins\lanczos.dll [Lanczos Sinc filter]
    -  plugins\perspective.dll [Perspective camera]
    -  plugins\point.dll [Point emitter]
    -  plugins\sky.dll [Skylight emitter]
    -  plugins\sphere.dll [Sphere intersection primitive]

  * General :
    -  Shadow rays traced : 922.810 K

  * Texture system :
    -  Cumulative MIP map memory allocations : 1 MiB
    -  Filtered texture lookups : 0.00 % (0.00 of 3.28 K)

  * VPL renderer :
    -  Max. # of drawn triangles : 1.494 K
    -  Max. # of resident shaders : 8
    -  Pruned VPLs : 6.55 % (430.00 of 6.57 K)
------------------------------------------------------------
